Command line:
   mips_tb_isim_beh.exe
     -simmode  gui
     -simrunnum  0
     -socket  13471

Mon Nov 29 16:46:43 2021


 Elaboration Time: 0.25 sec

 Current Memory Usage: 5648.36 Meg

 Total Signals          : 105
 Total Nets             : 621
 Total Signal Drivers   : 55
 Total Blocks           : 9
 Total Primitive Blocks : 7
 Total Processes        : 64
 Total Traceable Variables  : 39
 Total Scalar Nets and Variables : 67541
Total Line Count : 100

 Total Simulation Time: 0.265625 sec

 Current Memory Usage: 5648.36 Meg

Mon Nov 29 16:46:46 2021

