ISim log file
Running: G:\CS_Project\P6\P6_CPU\mips_txt_isim_beh.exe -intstyle ise -gui -tclbatch isim.cmd -wdb G:/CS_Project/P6/P6_CPU/mips_txt_isim_beh.wdb 
ISim P.20131013 (signature 0x7708f090)
WARNING: A WEBPACK license was found.
WARNING: Please use Xilinx License Configuration Manager to check out a full ISim license.
WARNING: ISim will run in Lite mode. Please refer to the ISim documentation for more information on the differences between the Lite and the Full version.
This is a Lite version of ISim.
Time resolution is 1 ps
# onerror resume
# wave add /
# run 1000 ns
Simulator is doing circuit initialization process.
Finished circuit initialization process.
                  38@00003000: $ 6 <= 000000c8
                  42@00003004: $ 7 <= 0000001e
                  74@0000300c: $ 9 <= 00001770
                  78@00003010: $10 <= 0002ee00
ISim P.20131013 (signature 0x7708f090)
WARNING: A WEBPACK license was found.
WARNING: Please use Xilinx License Configuration Manager to check out a full ISim license.
WARNING: ISim will run in Lite mode. Please refer to the ISim documentation for more information on the differences between the Lite and the Full version.
This is a Lite version of ISim.
# run 1000 ns
Simulator is doing circuit initialization process.
Finished circuit initialization process.
                  38@00003000: $ 1 <= 00000001
                  42@00003004: $ 2 <= 00000006
                  46@00003008: $ 3 <= 00000008
                  50@00003010: *00000000 <= 00000006
                  50@0000300c: $ 4 <= 00000005
                  54@00003014: *00000004 <= 00000005
                  58@00003018: *00000008 <= 00000005
                  62@0000301c: *0000000c <= 00000008
                  66@00003020: *00000010 <= 00000005
                  70@00003024: *00000014 <= 00000001
                  74@00003028: *00000018 <= 00000006
                  78@0000302c: *0000001c <= 00000001
                  82@00003030: *00000020 <= 00000005
                  86@00003034: *00000024 <= 00000005
                  90@00003038: *00000028 <= 00000005
                  94@0000303c: *0000002c <= 00000008
                  98@00003040: *00000030 <= 00000008
                 102@00003044: *00000034 <= 00000001
                 106@00003048: *00000038 <= 00000005
                 110@0000304c: *0000003c <= 00000005
                 114@00003050: *00000040 <= 00000001
                 118@00003054: *00000044 <= 00000005
                 122@00003058: *00000048 <= 00000006
                 126@0000305c: *0000004c <= 00000006
                 130@00003060: *00000050 <= 00000008
                 134@00003064: *00000054 <= 00000006
                 138@00003068: *00000058 <= 00000008
                 142@0000306c: *0000005c <= 00000006
                 146@00003070: *00000060 <= 00000001
                 150@00003074: *00000064 <= 00000005
                 154@00003078: *00000068 <= 00000001
                 158@0000307c: *0000006c <= 00000006
                 162@00003080: *00000070 <= 00000001
                 166@00003084: *00000074 <= 00000008
                 170@00003088: *00000078 <= 00000001
                 174@0000308c: *0000007c <= 00000005
                 186@00003094: $ 1 <= 00000000
                 190@0000309c: *00000004 <= 00000005
                 226@000030ac: *00000000 <= 00000000
                 234@000030b4: *00000000 <= 00000000
                 234@000030b0: $ 4 <= 00000000
                 246@000030bc: $ 2 <= 00000000
                 250@000030c4: *00000000 <= 00000000
                 250@000030c0: $ 4 <= 00060000
                 262@000030cc: $ 4 <= 00010000
                 278@000030e0: $ 1 <= 00000000
                 386@000030f4: $ 1 <= 00000000
                 390@000030f8: $ 4 <= 00000000
                 398@00003100: $ 1 <= 00000000
                 402@00003104: $ 4 <= 00030000
                 406@00003108: $ 2 <= 0003000d
                 410@0000310c: $ 2 <= 00000000
                 422@00003114: $ 4 <= 00000000
                 426@00003118: $ 3 <= 00000000
                 434@00003120: $ 4 <= 00000000
                 442@0000312c: *00000000 <= 00000000
                 442@00003128: $ 2 <= 00010000
                 450@00003130: $ 2 <= 00010001
                 454@00003134: $ 2 <= 00080000
                 458@00003138: $ 3 <= 00040000
                 470@00003144: $ 2 <= 00060000
                 474@00003148: $ 1 <= 00000000
                 478@0000314c: $ 4 <= 000d0000
                 494@0000315c: $ 1 <= 00000000
                 498@00003160: $ 1 <= 00000000
                 510@00003164: $ 1 <= 00000000
                 514@0000316c: *00000000 <= 00000000
                 546@00003174: $ 3 <= 00000000
                 558@00003180: $ 2 <= 00020000
                 614@00003198: $ 4 <= 00020000
                 642@000031ac: $ 1 <= 00080000
                 646@000031b0: $ 1 <= 00000004
                 650@000031b4: $ 1 <= 00030000
                 654@000031b8: $ 1 <= 00020000
                 686@000031d0: $ 4 <= 00020000
                 690@000031d4: $ 2 <= 00040000
                 694@000031d8: $ 2 <= fff9ffff
                 706@000031e0: $ 4 <= 00060000
                 730@000031e8: $ 2 <= fff9ffff
                 742@000031f0: $ 1 <= 00000000
                 746@000031f4: $ 4 <= 00000000
                 790@00003214: $ 4 <= 00000000
                 798@00003218: $ 4 <= 00000000
                 802@0000321c: *00000000 <= 00000000
                 810@00003224: *00000000 <= 00000000
                 818@00003228: $ 1 <= 00000000
                 842@00003230: $ 1 <= 00000000
                 878@0000323c: *00000000 <= 00000000
                 878@00003238: $ 2 <= 00000000
                 914@00003244: $ 4 <= 00000000
                 918@00003248: $ 4 <= 00000000
                 922@0000324c: $ 1 <= 00000001
                 926@00003254: *00000000 <= 00000100
                 926@00003250: $ 2 <= 00000001
                 934@00003258: $ 3 <= 00001000
                 938@0000325c: $ 2 <= 00000001
                 942@00003260: $ 3 <= 00000001
                 950@00003264: $ 1 <= 00000001
                 954@00003268: $ 3 <= 00000000
                 958@0000326c: $ 1 <= 000f0000
                 962@00003270: $ 4 <= 00000000
                 966@00003274: $ 3 <= 00000000
                 970@00003278: $ 1 <= 00020000
                 974@0000327c: $ 3 <= 00000000
                 978@00003280: $ 1 <= 00000100
                 994@00003288: $ 2 <= 000e0000
                 998@0000328c: $ 1 <= 00000100
# run 1.00us
                1002@00003290: $ 1 <= 00000000
                1014@00003298: $ 3 <= 00000001
                1022@000032a4: $ 4 <= 00000000
                1030@000032ac: *00000000 <= 00000000
                1038@000032b4: *00000000 <= 00000000
                1046@000032b8: $ 2 <= 00000000
                1050@000032bc: *00000000 <= 00000000
                1058@000032c0: $ 1 <= 00000000
                1066@000032c4: $ 3 <= 00000001
                1078@000032cc: $ 4 <= 00000000
                1094@000032d8: $ 2 <= 00000000
                1098@000032dc: $ 3 <= 00000000
                1106@000032e0: $ 3 <= 00000000
                1118@000032e8: $ 2 <= 00000000
                1154@000032f4: $ 2 <= 00000000
                1158@000032f8: $ 2 <= 00000000
                1162@000032fc: $ 3 <= 00030000
                1166@00003300: $ 3 <= 00060000
                1198@00003308: $ 2 <= 00000024
                1210@00003310: $ 2 <= 00000000
                1214@00003310: $ 2 <= 00000000
                1218@00003314: $ 1 <= 00000000
                1222@00003318: $ 3 <= 00000000
                1230@00003320: $ 3 <= 00000000
                1234@00003328: *00000000 <= 00000000
                1234@00003324: $ 3 <= 00000000
                1242@0000332c: $ 1 <= 00010000
                1246@00003330: $ 4 <= 00080000
                1258@0000333c: $ 4 <= 00010000
                1262@00003340: $ 2 <= 00010000
                1266@00003344: $ 1 <= 000d0000
                1270@00003348: $ 2 <= 000d0000
                1274@0000334c: $ 4 <= 00030000
                1282@00003354: $ 1 <= 00000000
                1298@00003360: $ 2 <= 00000000
                1302@00003364: $ 1 <= 00000000
                1306@00003368: $ 1 <= 0000000f
                1398@00003384: $ 1 <= 00010000
                1422@00003398: $ 1 <= 00000000
                1430@000033a4: $ 4 <= 00000000
                1458@000033ac: $ 2 <= 00000000
                1462@000033b0: $ 2 <= 00000000
                1470@000033b8: $ 2 <= 00000000
                1474@000033bc: *00000000 <= 00000000
                1482@000033c0: $ 3 <= 00000000
                1486@000033c4: $ 4 <= 00000000
                1490@000033cc: *00000000 <= 00000000
                1490@000033c8: $ 1 <= 00000000
                1498@000033d4: *0000000c <= 00000000
                1498@000033d0: $ 3 <= 0000000c
                1502@000033d8: *00000000 <= 00000000
                1510@000033dc: $ 4 <= 00000000
                1514@000033e0: $ 3 <= 00000000
                1518@000033e4: $ 2 <= 00000000
                1522@000033e8: $ 4 <= 00000000
                1534@000033f0: $ 3 <= 00000000
                1538@000033f0: $ 3 <= 00000000
                1590@00003410: $ 3 <= 00000000
                1594@00003414: $ 4 <= 00000000
                1618@0000341c: $ 1 <= 00000000
                1626@00003424: *00000000 <= 00000000
                1646@0000343c: *00000000 <= 00000000
                1646@00003438: $ 3 <= 00000000
                1658@00003444: $ 3 <= 00050000
                1670@0000344c: $ 4 <= 00060000
                1678@00003454: $ 3 <= 00000000
                1694@00003460: $ 3 <= 00000000
                1698@00003464: $ 3 <= 00000000
                1702@00003468: $ 3 <= 00000000
                1710@0000346c: $ 4 <= ffffffff
                1722@00003478: $ 4 <= 001fffff
                1726@00003480: $ 2 <= 00000000
                1730@00003484: $ 3 <= 00000001
                1734@00003488: $ 1 <= 00000000
                1738@0000348c: $ 2 <= fffffffe
                1750@00003494: $ 1 <= fffffffe
                1754@000034a0: $ 3 <= 80000000
                1758@000034a4: $ 3 <= 00000000
                1762@000034a8: $ 3 <= 00070000
                1778@000034c0: *00000004 <= 07000005
                1778@000034b8: $ 2 <= 00000007
                1786@000034c4: $ 1 <= 00000007
                1842@000034dc: $ 4 <= 00007000
                1854@000034e4: $ 2 <= 00000000
                1886@000034e8: $ 3 <= 00000001
                1894@000034f0: $ 1 <= fffffffe
                1898@000034f4: $ 2 <= ffffffff
                1902@000034f8: $ 4 <= 00000000
                1906@000034fc: $ 3 <= 00090000
                1938@00003514: $ 1 <= 00000000
                1954@00003520: $ 2 <= 00000051
                1962@00003528: $ 3 <= 00090051
# run 1.00us
                2018@00003534: $ 2 <= 00000004
                2022@0000353c: *00000000 <= 00000000
                2022@00003538: $ 3 <= 00000000
                2034@00003544: $ 2 <= 00000000
                2066@00003564: *00000000 <= 00000000
                2098@00003574: *00000000 <= 00000000
                2110@00003590: *00000000 <= 00000000
                2110@00003584: $ 2 <= 00060000
                2122@00003598: *00000000 <= 00000000
                2126@0000359c: *00000000 <= 00000000
                2154@000035a8: *00000000 <= 00000000
                2154@000035a4: $ 3 <= 00000000
                2210@000035b4: $ 3 <= 00000000
                2290@000035c8: *00000000 <= 00000000
                2290@000035c4: $ 4 <= 00000000
                2326@000035d4: *00000000 <= 00000000
                2326@000035d0: $ 2 <= 00000000
                2338@000035dc: $ 2 <= 000d0000
                2342@000035e0: $ 4 <= 00000000
                2350@000035e8: $ 4 <= 000d0000
                2382@000035f4: $ 1 <= 001a0000
                2426@000035fc: $ 1 <= 00030000
                2522@00003618: $ 4 <= 00000001
                2530@00003624: $ 2 <= 00000000
                2534@00003628: $ 4 <= 000d0000
                2538@0000362c: $ 1 <= 000d0006
                2550@00003638: $ 4 <= 000d0001
                2586@0000364c: $ 4 <= 000d0006
                2590@00003650: $ 3 <= 000d0001
                2610@00003664: $ 4 <= 00060000
                2614@00003668: $ 3 <= 009c0024
                2626@00003670: $ 2 <= 000d0001
                2630@00003670: $ 2 <= 000d0001
                2646@00003680: $ 2 <= 00090000
                2666@00003690: $ 3 <= 00090000
                2734@00003698: $ 1 <= 00000051
                2778@000036a4: $ 4 <= 00000058
                2782@000036a8: $ 4 <= 00000056
                2786@000036b0: *00000050 <= 00005108
                2786@000036ac: $ 2 <= 00000051
                2818@000036c8: $ 4 <= 00000051
                2822@000036cc: *00000050 <= 00005108
                2906@000036d8: $ 4 <= 00000001
                2910@000036dc: $ 2 <= 00000000
                2918@000036e0: $ 2 <= 00000000
                2922@000036e8: *00000000 <= 00000000
                2930@000036ec: $ 4 <= 00000000
                2934@000036f0: $ 2 <= 00000000
                2970@000036fc: *00000000 <= 00000000
                2970@000036f8: $ 1 <= 00000000
                2978@00003700: $ 4 <= 00000000
                2990@00003708: $ 1 <= 00000000
                2994@0000370c: $ 3 <= 00000000
# run 1.00us
                3002@00003710: $ 3 <= 00000000
                3010@00003714: $ 1 <= 0000000d
                3014@00003718: $ 1 <= 00000000
                3018@0000371c: $ 4 <= 00000000
                3026@00003720: $ 4 <= 00000001
                3034@00003728: $ 3 <= 00000000
                3058@0000372c: $ 4 <= 00000000
                3070@00003734: $ 2 <= 00000000
                3074@00003744: *00000000 <= 00000000
                3074@00003740: $ 1 <= 00000000
                3082@00003748: $ 3 <= 00000000
                3094@00003750: $ 3 <= 00000000
                3098@00003758: *00000000 <= 00000000
                3142@00003764: $ 4 <= 00000000
                3166@00003768: $ 1 <= 00000000
                3170@0000376c: $ 3 <= 000a0000
                3182@00003774: $ 3 <= 00000000
                3186@00003780: $ 2 <= 00000000
                3190@00003784: *00000000 <= 00000000
                3202@0000378c: $ 2 <= 000a0000
                3206@00003790: $ 4 <= 00000000
                3214@00003798: $ 1 <= 00000000
                3222@0000379c: $ 3 <= 000a0000
                3230@000037a4: $ 1 <= 000d0000
                3238@000037ac: $ 3 <= 00050000
                3266@000037d0: $ 1 <= 00050000
                3270@000037d4: $ 2 <= 00050000
                3290@000037d8: $ 4 <= 00000000
                3294@000037dc: $ 3 <= 00050000
                3302@000037e4: $ 3 <= 00040000
                3334@000037f4: $ 4 <= 00000010
                3338@000037f8: $ 2 <= ffffffef
                3390@00003804: $ 1 <= 00000000
                3446@00003810: $ 3 <= 00000000
                3450@00003814: $ 2 <= 00000000
                3458@0000381c: $ 4 <= 00000000
                3474@00003828: *00000000 <= 00000000
                3474@00003824: $ 1 <= 00080000
                3482@0000382c: $ 2 <= 000f0000
                3490@00003834: $ 1 <= 000f0000
                3498@0000383c: $ 3 <= 000f0000
                3506@00003844: $ 1 <= 000f0000
                3514@0000384c: $ 1 <= 001e0000
                3570@00003868: $ 1 <= 001e0000
                3574@0000386c: $ 1 <= 001e0000
                3606@00003874: $ 1 <= 00000000
                3610@00003878: $ 3 <= 00010000
                3614@0000387c: $ 3 <= 000d0000
                3626@00003884: $ 4 <= 00040000
                3630@00003890: $ 4 <= 00040007
                3634@00003894: $ 2 <= 00040007
                3638@00003898: $ 2 <= 00000000
                3642@0000389c: $ 3 <= 00000000
                3654@000038a4: *00000000 <= 00000000
                3670@000038b8: $ 3 <= 00040016
                3674@000038bc: $ 4 <= 02000b00
                3682@000038c4: $ 1 <= 00000000
                3686@000038cc: *00000000 <= 03000000
                3686@000038c8: $ 1 <= 00000003
                3694@000038d0: $ 4 <= 00000003
                3706@000038d8: $ 4 <= 00090000
                3710@000038dc: $ 4 <= 00000000
                3714@000038e0: $ 3 <= 03000000
                3754@000038e8: $ 2 <= 00000000
                3758@000038ec: $ 4 <= 03000000
                3794@0000391c: $ 1 <= 03000000
                3798@00003920: $ 2 <= 000a0000
                3802@00003924: $ 1 <= 03000000
                3818@0000392c: $ 2 <= 00020000
                3826@00003934: $ 3 <= 00000000
                3842@00003944: $ 3 <= 00000000
                3846@00003948: $ 1 <= 00000000
                3850@0000394c: $ 4 <= 03000000
                3922@00003964: $ 1 <= 03000000
                3946@0000396c: $ 1 <= 00000000
                3950@00003970: $ 4 <= 00000000
                3958@00003974: $ 2 <= 00000000
                3962@00003978: $ 2 <= 00000000
                3966@0000397c: $ 3 <= 00000007
                3974@00003984: $ 4 <= 00000380
                3978@00003988: $ 1 <= 00000000
                3982@0000398c: $ 3 <= 00000007
# run 1.00us
                4018@00003994: *00000004 <= 07000005
                4026@00003998: $ 1 <= 00000000
                4030@0000399c: $ 1 <= 00000000
                4070@000039a4: $ 4 <= 00000000
                4110@000039b8: $ 1 <= 00000000
                4146@000039c4: $ 4 <= 00050000
                4174@000039cc: $ 4 <= 00050000
                4274@000039e4: $ 4 <= 00000019
                4278@000039e8: $ 2 <= ffffffe7
                4290@000039f4: $ 3 <= 000a0000
                4294@00003a00: $ 1 <= 00040000
                4334@00003a0c: $ 3 <= 00000001
                4346@00003a14: $ 4 <= 0000000b
                4358@00003a18: $ 4 <= 00640000
                4366@00003a20: $ 2 <= 00040000
                4370@00003a20: $ 2 <= 00040000
                4374@00003a24: $ 2 <= 00000000
                4386@00003a30: $ 3 <= 00640000
                4390@00003a30: $ 3 <= 00640000
                4398@00003a38: $ 4 <= 00640000
                4402@00003a44: *00000000 <= 03000000
                4438@00003a50: $ 1 <= 00000000
                4470@00003a58: $ 4 <= 00000000
                4474@00003a5c: $ 4 <= 00080000
                4478@00003a60: $ 4 <= 00070000
                4490@00003a68: $ 1 <= 00090000
                4562@00003a84: $ 4 <= 00000000
                4574@00003a90: $ 2 <= 00000000
                4582@00003a98: $ 2 <= 00030000
                4610@00003aac: $ 1 <= 00090000
                4614@00003ab0: $ 1 <= 00000000
                4618@00003ab4: $ 2 <= 00030000
                4630@00003ac0: $ 2 <= 00000000
                4634@00003ac4: $ 1 <= 00000000
                4670@00003ad4: *00000000 <= 00000000
                4678@00003ad8: $ 4 <= 00000000
                4682@00003adc: $ 3 <= 00000000
                4694@00003ae8: $ 4 <= 00000000
                4698@00003af0: $ 2 <= 00070000
                4702@00003af4: $ 3 <= 00000000
                4710@00003afc: $ 2 <= 00000000
                4754@00003b04: *00000000 <= 00000000
                4794@00003b10: $ 1 <= 00000000
                4798@00003b14: $ 1 <= 00000000
                4818@00003b18: $ 1 <= 00000000
                4822@00003b1c: $ 2 <= 00000000
                4838@00003b24: $ 4 <= 00000000
                4842@00003b30: $ 3 <= 00000000
                4846@00003b34: $ 1 <= 00000000
                4854@00003b38: $ 1 <= 00000000
                4858@00003b3c: $ 4 <= 00000000
                4862@00003b40: $ 1 <= 00000000
                4866@00003b44: $ 4 <= 00000000
                4870@00003b4c: *00000000 <= 00000000
                4870@00003b48: $ 2 <= 000e0000
                4894@00003b60: $ 4 <= 000e0008
                4898@00003b60: $ 4 <= 000e0008
                4934@00003b70: $ 3 <= 00000000
                4954@00003b80: $ 4 <= 00060000
                4962@00003b88: $ 1 <= 00060006
                4966@00003b8c: $ 3 <= 000a0000
                4978@00003b90: $ 1 <= 00000000
                4982@00003b94: $ 4 <= 00050000
# run 1.00us
                5050@00003bac: $ 1 <= 00050005
                5054@00003bb0: $ 3 <= 00050011
                5058@00003bb4: $ 2 <= 000d0000
                5066@00003bbc: $ 1 <= 00070000
                5078@00003bc4: $ 3 <= 00070000
                5106@00003bf0: $ 4 <= 00000000
                5110@00003bf0: $ 4 <= 00000000
                5114@00003bf4: $ 1 <= 00000000
                5118@00003bf8: $ 2 <= 00030000
                5122@00003bfc: $ 2 <= 000d0000
                5126@00003c00: $ 1 <= 00001a00
                5130@00003c04: $ 1 <= 000d1a00
                5134@00003c08: $ 1 <= 000d1a00
                5138@00003c0c: $ 4 <= 000d0000
                5142@00003c10: $ 1 <= 000d0000
                5146@00003c14: $ 4 <= 000d0000
                5158@00003c20: $ 1 <= 00000000
                5170@00003c28: $ 1 <= 00000000
                5178@00003c34: $ 1 <= 00000340
                5182@00003c38: $ 3 <= 000e0000
                5190@00003c40: $ 1 <= 000d0000
                5194@00003c44: $ 3 <= 000b0000
                5222@00003c68: $ 3 <= 00060000
                5230@00003c70: $ 1 <= 000d0000
                5242@00003c7c: $ 3 <= 00000000
                5246@00003c80: $ 4 <= 00000000
                5250@00003c84: $ 2 <= 00000000
                5254@00003c88: $ 2 <= 00000000
                5258@00003c8c: $ 2 <= 00000000
                5262@00003c90: *00000000 <= 00000000
                5270@00003c94: $ 2 <= 00000000
                5278@00003c98: $ 4 <= 00000000
                5290@00003ca0: $ 1 <= 00000000
                5294@00003ca4: $ 4 <= 000d0000
                5298@00003ca8: $ 3 <= 000d0000
                5302@00003cac: $ 1 <= 00080000
                5306@00003cb0: $ 2 <= 00020000
                5318@00003cbc: $ 2 <= 00080009
                5330@00003cc4: $ 1 <= 00080000
                5338@00003ccc: $ 3 <= 00000000
                5414@00003cdc: $ 2 <= 00000000
                5418@00003ce0: $ 4 <= 00000000
                5430@00003ce8: $ 3 <= 00000000
                5434@00003cec: $ 3 <= 00000000
                5442@00003cf4: $ 2 <= 00090000
                5446@00003cf8: $ 3 <= 00000000
                5450@00003cfc: $ 4 <= 00000000
                5454@00003d00: $ 3 <= 00090000
                5494@00003d0c: $ 1 <= 00000000
                5506@00003d14: $ 3 <= 00000000
                5518@00003d20: $ 4 <= 00000000
                5522@00003d20: $ 4 <= 00000000
                5526@00003d24: $ 3 <= 00000000
                5534@00003d2c: *00000000 <= 00000000
                5542@00003d30: $ 2 <= 00000000
                5546@00003d34: $ 3 <= 000e0000
                5550@00003d38: $ 1 <= 000e0000
                5558@00003d40: $ 1 <= 00000000
                5566@00003d48: $ 4 <= 00000000
                5570@00003d4c: $ 4 <= 00070000
                5574@00003d50: $ 4 <= 00080000
                5598@00003d5c: $ 3 <= 00080000
                5602@00003d60: $ 4 <= 00100000
                5606@00003d64: $ 3 <= 00010000
                5626@00003d80: $ 3 <= 00100000
                5630@00003d84: $ 3 <= 00000000
                5634@00003d88: $ 2 <= 00000000
                5638@00003d8c: $ 2 <= ffffffff
                5646@00003d94: $ 3 <= 00000000
                5650@00003d98: $ 4 <= 000d0000
                5654@00003d9c: $ 2 <= 000d0000
                5682@00003dac: $ 4 <= 000c0000
                5726@00003db4: $ 2 <= 00000001
                5734@00003dc4: $ 4 <= 00000001
                5782@00003dd0: $ 2 <= 00000000
                5786@00003dd4: $ 3 <= 00000001
                5806@00003de4: $ 4 <= 00000001
                5814@00003dec: $ 4 <= 00000001
                5818@00003df4: *00000000 <= 00000100
                5818@00003df0: $ 3 <= 00000001
                5826@00003dfc: *00000000 <= 00000100
                5834@00003e00: $ 4 <= 00070000
                5846@00003e0c: $ 3 <= 00000000
                5850@00003e10: $ 3 <= 00000100
                5866@00003e18: $ 4 <= 00000100
                5870@00003e1c: *00000000 <= 00000100
                5882@00003e28: *00000000 <= 00000100
                5894@00003e30: $ 2 <= 0000010e
                5902@00003e38: $ 2 <= 00000100
                5918@00003e44: $ 1 <= 00000000
                5922@00003e50: $ 3 <= ffffffff
                5970@00003e5c: $ 1 <= ffffffff
                5978@00003e64: $ 3 <= 00000000
# run 1.00us
                6002@00003e68: $ 1 <= 00000001
                6006@00003e6c: $ 4 <= 00090000
                6014@00003e74: $ 2 <= 00000000
                6022@00003e7c: $ 4 <= 00070000
                6034@00003e84: $ 2 <= 000e0000
                6038@00003e88: $ 4 <= 00000000
                6062@00003e90: $ 3 <= 00000000
                6070@00003e98: $ 2 <= 000d0000
                6074@00003e9c: $ 2 <= 000d0000
                6078@00003ea0: $ 3 <= 00010000
                6090@00003ea8: $ 2 <= 00000000
                6098@00003eb8: *00000000 <= 00000100
                6098@00003eb4: $ 2 <= 00000100
                6102@00003ebc: *00000000 <= 00000100
                6114@00003ec8: *00000000 <= 00000000
                6114@00003ec4: $ 4 <= 000d0000
                6122@00003ecc: $ 2 <= 00000001
                6126@00003ed0: $ 2 <= 00000000
                6146@00003edc: $ 1 <= 00000000
                6154@00003ee4: *00000000 <= 00000000
                6162@00003ee8: $ 4 <= 00000000
                6170@00003eec: $ 3 <= 0000000b
                6174@00003ef0: $ 3 <= 00000000
                6182@00003ef8: *00000000 <= 00000000
                6194@00003f00: $ 1 <= 00000000
                6198@00003f00: $ 1 <= 00000000
                6202@00003f04: $ 1 <= 00080000
                6210@00003f0c: $ 3 <= 000e0000
                6214@00003f10: $ 3 <= 00000000
                6218@00003f14: $ 2 <= 00070000
                6222@00003f18: $ 1 <= 0000000e
                6226@00003f1c: $ 3 <= 00010000
                6238@00003f24: $ 4 <= 00000000
                6250@00003f30: $ 4 <= 00000001
                6254@00003f34: $ 4 <= 00000000
                6258@00003f38: $ 3 <= 00040000
                6306@00003f48: $ 4 <= 00000000
                6402@00003f58: $ 4 <= 00000000
                6418@00003f60: $ 3 <= 00000000
                6430@00003f6c: *00000000 <= 00000000
                6430@00003f68: $ 4 <= 00000000
                6438@00003f70: $ 1 <= 00020000
                6454@00003f80: $ 4 <= 00010000
                6462@00003f88: $ 3 <= 000a0000
                6470@00003f90: $ 3 <= 000f0000
                6474@00003f94: $ 4 <= 00020000
                6534@00003fa4: $ 2 <= 00090000
                6538@00003fa8: $ 2 <= 00000000
                6602@00003fb8: $ 1 <= 00000000
                6626@00003fc4: *00000000 <= 00000000
                6626@00003fc0: $ 1 <= 00000000
                6634@00003fc8: $ 4 <= 00020000
                6646@00003fd4: $ 1 <= 00000001
                6650@00003fd8: $ 2 <= 00000001
                6670@00003fe0: $ 1 <= 00000001
                6706@00003ff0: $ 2 <= 00090000
# run 1.00us
# run 1.00us
# run 1.00us
