ISim log file
Running: G:\CS_Project\P4\P4_cpu\mips_tb_isim_beh.exe -intstyle ise -gui -tclbatch isim.cmd -wdb G:/CS_Project/P4/P4_cpu/mips_tb_isim_beh.wdb 
ISim P.20131013 (signature 0x7708f090)
WARNING: A WEBPACK license was found.
WARNING: Please use Xilinx License Configuration Manager to check out a full ISim license.
WARNING: ISim will run in Lite mode. Please refer to the ISim documentation for more information on the differences between the Lite and the Full version.
This is a Lite version of ISim.
Time resolution is 1 ps
# onerror resume
# wave add /
# run 1000 ns
Simulator is doing circuit initialization process.
Finished circuit initialization process.
@00003000: $ 2 <= 00000320
@00003004: $ 1 <= 000000c8
@00003008: $31 <= 0000300c
@00003014: $ 1 <= 00000190
@00003018: *00000008 <= 0000300c
@0000300c: $ 1 <= 00000320
@00003020: *00000004 <= 00000320
ISim P.20131013 (signature 0x7708f090)
WARNING: A WEBPACK license was found.
WARNING: Please use Xilinx License Configuration Manager to check out a full ISim license.
WARNING: ISim will run in Lite mode. Please refer to the ISim documentation for more information on the differences between the Lite and the Full version.
This is a Lite version of ISim.
# run 1000 ns
Simulator is doing circuit initialization process.
Finished circuit initialization process.
@00003000: $ 2 <= 00000320
@00003004: $ 1 <= 000000c8
@00003008: $31 <= 0000300c
@00003014: $ 1 <= 00000190
@00003018: *00000008 <= 0000300c
@0000300c: $ 1 <= 00000320
@00003020: *00000004 <= 00000320
ISim P.20131013 (signature 0x7708f090)
WARNING: A WEBPACK license was found.
WARNING: Please use Xilinx License Configuration Manager to check out a full ISim license.
WARNING: ISim will run in Lite mode. Please refer to the ISim documentation for more information on the differences between the Lite and the Full version.
This is a Lite version of ISim.
# run 1000 ns
Simulator is doing circuit initialization process.
Finished circuit initialization process.
@00003000: $ 2 <= 00000320
@00003004: $ 1 <= 000000c8
@00003008: $31 <= 0000300c
@00003014: $ 1 <= 00000190
@00003018: *00000008 <= 0000300c
@0000300c: $ 1 <= 00000320
@00003020: *00000004 <= 00000320
# restart
# run 1.00us
Simulator is doing circuit initialization process.
Finished circuit initialization process.
@00003000: $ 2 <= 00000320
@00003004: $ 1 <= 000000c8
@00003008: $31 <= 0000300c
@00003014: $ 1 <= 00000190
@00003018: *00000008 <= 0000300c
@0000300c: $ 1 <= 00000320
@00003020: *00000004 <= 00000320
ISim P.20131013 (signature 0x7708f090)
WARNING: A WEBPACK license was found.
WARNING: Please use Xilinx License Configuration Manager to check out a full ISim license.
WARNING: ISim will run in Lite mode. Please refer to the ISim documentation for more information on the differences between the Lite and the Full version.
This is a Lite version of ISim.
# run 1000 ns
Simulator is doing circuit initialization process.
Finished circuit initialization process.
@00003000: $ 2 <= 00000320
@00003004: $ 1 <= 000000c8
@00003008: $31 <= 0000300c
@00003014: $ 1 <= 00000190
@00003018: *00000008 <= 0000300c
@0000300c: $ 1 <= 00000320
@00003020: *00000004 <= 00000320
