ISim log file
Running: G:\CS_Project\P7\p7_cpu\mips_txt_isim_beh.exe -intstyle ise -gui -tclbatch isim.cmd -view G:/CS_Project/P7/p7_cpu/mips.wcfg -wdb G:/CS_Project/P7/p7_cpu/mips_txt_isim_beh.wdb 
ISim P.20131013 (signature 0x7708f090)
This is a Full version of ISim.
Time resolution is 1 ps
# onerror resume
# run 1000 ns
Simulator is doing circuit initialization process.
Finished circuit initialization process.
@00003000: $ 2 <= 0000fc01
@00004180: $28 <= 00003008
@00004184: $27 <= 00000000
@00004188: $26 <= 00000000
@0000418c: $25 <= 0000fc03
@00004190: $26 <= 00000000
@00004194: $26 <= 00000000
@00004198: $27 <= 00000000
@000041d4: $29 <= 00000001
@00003008: $ 1 <= 00020000
@0000300c: $ 1 <= 0002055d
@00003010: $ 2 <= 0002055d
@00003014: $ 3 <= 000009bb
@00003018: $ 2 <= 00020f18
@00004180: $28 <= 0000301c
@00004184: $27 <= 00000000
@00004188: $26 <= 00000000
@0000418c: $25 <= 0000fc03
@00004190: $26 <= 00000000
@00004194: $26 <= 00000000
@00004198: $27 <= 00000000
@000041d4: $29 <= 00000002
@0000301c: $ 2 <= 0002055d
@00003020: $ 4 <= 0002e6da
@00003024: $ 2 <= fffd1004
@00003028: $ 5 <= 00000000
@0000302c: $ 6 <= 00000000
@00004180: $28 <= 00003030
@00004184: $27 <= 00000000
@00004188: $26 <= 00000000
@0000418c: $25 <= 0000fc03
@00004190: $26 <= 00000000
@00004194: $26 <= 00000000
@00004198: $27 <= 00000000
@000041d4: $29 <= 00000003
@00003030: $ 6 <= 00000001
@00004180: $28 <= 00003034
@00004184: $27 <= 00000000
@00004188: $26 <= 00000000
@0000418c: $25 <= 0000fc03
@00004190: $26 <= 00000000
@00004194: $26 <= 00000000
@00004198: $27 <= 00000000
@000041d4: $29 <= 00000004
@00003034: $ 3 <= ffffffff
@00004180: $28 <= 00003038
@00004184: $27 <= 00000000
@00004188: $26 <= 00000000
@0000418c: $25 <= 0000fc03
@00004190: $26 <= 00000000
@00004194: $26 <= 00000000
@00004198: $27 <= 00000000
@000041d4: $29 <= 00000005
@0000303c: *00000004 <= ff000000
@00003038: $ 5 <= 002e6da0
@00003040: *00000000 <= fffd1004
@00004180: $28 <= 00003048
@00004184: $27 <= 00000000
@00004188: $26 <= 00000000
@0000418c: $25 <= 0000fc03
@00004190: $26 <= 00000000
@00004194: $26 <= 00000000
@00004198: $27 <= 00000000
@000041d4: $29 <= 00000006
@00003048: *00000004 <= 0002e6da
@0000304c: $ 2 <= 00000010
@00003050: $ 4 <= 00000000
@00003054: $ 3 <= 00000002
@00004180: $28 <= 00003058
@00004184: $27 <= 00000000
@00004188: $26 <= 00000000
@0000418c: $25 <= 0000fc03
@00004190: $26 <= 00000000
@00004194: $26 <= 00000000
@00004198: $27 <= 00000000
@000041d4: $29 <= 00000007
@0000305c: $ 3 <= 0000052c
@00003060: $ 6 <= 00000000
@00004180: $28 <= 00003064
@00004184: $27 <= 00000000
@00004188: $26 <= 00000000
@0000418c: $25 <= 0000fc03
@00004190: $26 <= 00000000
@00004194: $26 <= 00000000
@00004198: $27 <= 00000000
@000041d4: $29 <= 00000008
@00003068: $ 1 <= 00000000
@00004180: $28 <= 00003074
@00004184: $27 <= 00000000
@00004188: $26 <= 00000000
@0000418c: $25 <= 0000fc03
@00004190: $26 <= 00000000
@00004194: $26 <= 00000000
@00004198: $27 <= 00000000
@000041d4: $29 <= 00000009
@00003074: $ 4 <= zzzzzzzz
@00003074: $ 4 <= zzzzzzzz
@00003074: $ 4 <= zzzzzzzz
@00003074: $ 4 <= zzzzzzzz
@00003074: $ 4 <= zzzzzzzz
@00003074: $ 4 <= zzzzzzzz
@00003074: $ 4 <= zzzzzzzz
@00003074: $ 4 <= zzzzzzzz
@00003074: $ 4 <= zzzzzzzz
@00003074: $ 4 <= zzzzzzzz
@00003074: $ 4 <= zzzzzzzz
@00003074: $ 4 <= zzzzzzzz
@00003074: $ 4 <= zzzzzzzz
@00003074: $ 4 <= zzzzzzzz
@00003074: $ 4 <= zzzzzzzz
@00003074: $ 4 <= zzzzzzzz
@00003074: $ 4 <= zzzzzzzz
@00003074: $ 4 <= zzzzzzzz
@00003074: $ 4 <= zzzzzzzz
@00003074: $ 4 <= zzzzzzzz
@00003074: $ 4 <= zzzzzzzz
@00003074: $ 4 <= zzzzzzzz
@00003074: $ 4 <= zzzzzzzz
@00003074: $ 4 <= zzzzzzzz
@00003074: $ 4 <= zzzzzzzz
@00003074: $ 4 <= zzzzzzzz
@00003074: $ 4 <= zzzzzzzz
@00003074: $ 4 <= zzzzzzzz
@00003074: $ 4 <= zzzzzzzz
@00003074: $ 4 <= zzzzzzzz
@00003074: $ 4 <= zzzzzzzz
@00003074: $ 4 <= zzzzzzzz
@00003074: $ 4 <= zzzzzzzz
@00003074: $ 4 <= zzzzzzzz
@00003074: $ 4 <= zzzzzzzz
@00003074: $ 4 <= zzzzzzzz
@00003074: $ 4 <= zzzzzzzz
@00003074: $ 4 <= zzzzzzzz
@00003074: $ 4 <= zzzzzzzz
@00003074: $ 4 <= zzzzzzzz
@00003074: $ 4 <= zzzzzzzz
@00003074: $ 4 <= zzzzzzzz
@00003074: $ 4 <= zzzzzzzz
@00003074: $ 4 <= zzzzzzzz
@00003074: $ 4 <= zzzzzzzz
@00003074: $ 4 <= zzzzzzzz
@00003074: $ 4 <= zzzzzzzz
@00003074: $ 4 <= zzzzzzzz
@00003074: $ 4 <= zzzzzzzz
@00003074: $ 4 <= zzzzzzzz
@00003074: $ 4 <= zzzzzzzz
@00003074: $ 4 <= zzzzzzzz
@00003074: $ 4 <= zzzzzzzz
@00003074: $ 4 <= zzzzzzzz
@00003074: $ 4 <= zzzzzzzz
@00003074: $ 4 <= zzzzzzzz
@00003074: $ 4 <= zzzzzzzz
@00003074: $ 4 <= zzzzzzzz
@00003074: $ 4 <= zzzzzzzz
@00003074: $ 4 <= zzzzzzzz
@00003074: $ 4 <= zzzzzzzz
@00003074: $ 4 <= zzzzzzzz
@00003074: $ 4 <= zzzzzzzz
@00003074: $ 4 <= zzzzzzzz
@00003074: $ 4 <= zzzzzzzz
@00003074: $ 4 <= zzzzzzzz
@00003074: $ 4 <= zzzzzzzz
@00003074: $ 4 <= zzzzzzzz
@00003074: $ 4 <= zzzzzzzz
@00003074: $ 4 <= zzzzzzzz
