ISim log file
Running: G:\CS_Project\P5\P5_cpu\mips_tb_isim_beh.exe -intstyle ise -gui -tclbatch isim.cmd -view G:/CS_Project/P5/P5_cpu/mips.wcfg -wdb G:/CS_Project/P5/P5_cpu/mips_tb_isim_beh.wdb 
ISim P.20131013 (signature 0x7708f090)
WARNING: A WEBPACK license was found.
WARNING: Please use Xilinx License Configuration Manager to check out a full ISim license.
WARNING: ISim will run in Lite mode. Please refer to the ISim documentation for more information on the differences between the Lite and the Full version.
This is a Lite version of ISim.
Time resolution is 1 ps
# onerror resume
# run 1000 ns
Simulator is doing circuit initialization process.
Finished circuit initialization process.
                  36@000034b8: $16 <= 00003004
                  36@000034bc: *00000000 <= 00003004
                  44@000034c0: $16 <= 00003008
                  44@000034c4: *00000004 <= 00003008
                  52@000034c8: $16 <= 0000300c
                  52@000034cc: *00000008 <= 0000300c
                  60@000034d0: $16 <= 00003010
                  60@000034d4: *0000000c <= 00003010
                  68@000034d8: $16 <= 00003014
                  68@000034dc: *00000010 <= 00003014
                  76@000034e0: $16 <= 00003018
                  76@000034e4: *00000014 <= 00003018
                  84@000034e8: $16 <= 0000301c
                  84@000034ec: *00000018 <= 0000301c
                  92@000034f0: $16 <= 00003020
                  92@000034f4: *0000001c <= 00003020
                 100@000034f8: $16 <= 00003024
                 100@000034fc: *00000020 <= 00003024
                 108@00003500: $16 <= 00003028
                 108@00003504: *00000024 <= 00003028
                 116@00003508: $16 <= 0000302c
                 116@0000350c: *00000028 <= 0000302c
                 124@00003510: $16 <= 00003030
                 124@00003514: *0000002c <= 00003030
                 132@00003518: $16 <= 00003034
                 132@0000351c: *00000030 <= 00003034
                 140@00003520: $16 <= 00003038
                 140@00003524: *00000034 <= 00003038
                 148@00003528: $16 <= 0000303c
                 148@0000352c: *00000038 <= 0000303c
                 156@00003530: $16 <= 00003040
                 156@00003534: *0000003c <= 00003040
                 164@00003538: $16 <= 00003044
                 164@0000353c: *00000040 <= 00003044
                 172@00003540: $16 <= 00003048
                 172@00003544: *00000044 <= 00003048
                 180@00003548: $16 <= 0000304c
                 180@0000354c: *00000048 <= 0000304c
                 188@00003550: $16 <= 00003050
                 188@00003554: *0000004c <= 00003050
                 196@00003558: $16 <= 00003054
                 196@0000355c: *00000050 <= 00003054
                 204@00003560: $16 <= 00003058
                 204@00003564: *00000054 <= 00003058
                 212@00003568: $16 <= 0000305c
                 212@0000356c: *00000058 <= 0000305c
                 220@00003570: $16 <= 00003060
                 220@00003574: *0000005c <= 00003060
                 228@00003578: $16 <= 00003064
                 228@0000357c: *00000060 <= 00003064
                 236@00003580: $16 <= 00003068
                 236@00003584: *00000064 <= 00003068
                 244@00003588: $16 <= 0000306c
                 244@0000358c: *00000068 <= 0000306c
                 252@00003590: $16 <= 00003070
                 252@00003594: *0000006c <= 00003070
                 260@00003598: $16 <= 00003074
                 260@0000359c: *00000070 <= 00003074
                 268@000035a0: $16 <= 00003078
                 268@000035a4: *00000074 <= 00003078
                 276@000035a8: $16 <= 0000307c
                 276@000035ac: *00000078 <= 0000307c
                 284@000035b0: $16 <= 00003080
                 284@000035b4: *0000007c <= 00003080
                 292@000035b8: $16 <= 00003084
                 292@000035bc: *00000080 <= 00003084
                 300@000035c0: $16 <= 00003088
                 300@000035c4: *00000084 <= 00003088
                 308@000035c8: $16 <= 0000308c
                 308@000035cc: *00000088 <= 0000308c
                 316@000035d0: $16 <= 00003090
                 316@000035d4: *0000008c <= 00003090
                 324@000035d8: $16 <= 00003094
                 324@000035dc: *00000090 <= 00003094
                 332@000035e0: $16 <= 00003098
                 332@000035e4: *00000094 <= 00003098
                 340@000035e8: $16 <= 0000309c
                 340@000035ec: *00000098 <= 0000309c
                 348@000035f0: $16 <= 000030a0
                 348@000035f4: *0000009c <= 000030a0
                 356@000035f8: $16 <= 000030a4
                 356@000035fc: *000000a0 <= 000030a4
                 364@00003600: $16 <= 000030a8
                 364@00003604: *000000a4 <= 000030a8
                 372@00003608: $16 <= 000030ac
                 372@0000360c: *000000a8 <= 000030ac
                 380@00003610: $16 <= 000030b0
                 380@00003614: *000000ac <= 000030b0
                 388@00003618: $16 <= 000030b4
                 388@0000361c: *000000b0 <= 000030b4
                 396@00003620: $16 <= 000030b8
                 396@00003624: *000000b4 <= 000030b8
                 404@00003628: $16 <= 000030bc
                 404@0000362c: *000000b8 <= 000030bc
                 412@00003630: $16 <= 000030c0
                 412@00003634: *000000bc <= 000030c0
                 420@00003638: $16 <= 000030c4
                 420@0000363c: *000000c0 <= 000030c4
                 428@00003640: $16 <= 000030c8
                 428@00003644: *000000c4 <= 000030c8
                 436@00003648: $ 1 <= 00005b25
                 440@0000364c: $ 2 <= 00005b25
                 444@00003650: $ 3 <= 00005b25
                 448@00003654: $ 4 <= 00005b25
                 452@00003658: $ 5 <= 00005b25
                 456@0000365c: $ 6 <= 00005b25
                 460@00003660: $ 7 <= 00005b25
                 464@00003664: $ 8 <= 00005b25
                 468@00003668: $ 9 <= 00005b25
                 472@0000366c: $10 <= 00005b25
                 476@00003670: $11 <= 00005b25
                 480@00003674: $12 <= 00005b25
                 484@00003678: $13 <= 00005b25
                 488@0000367c: $14 <= 00005b25
                 492@00003680: $15 <= 00005b25
                 496@00003684: $16 <= 00005b25
                 500@00003688: $17 <= 00005b25
                 504@0000368c: $18 <= 00005b25
                 508@00003690: $19 <= 00005b25
                 512@00003694: $20 <= 00005b25
                 516@00003698: $21 <= 00005b25
                 520@0000369c: $22 <= 00005b25
                 524@000036a0: $23 <= 00005b25
                 528@000036a4: $24 <= 00005b25
                 532@000036a8: $25 <= 00005b25
                 536@000036ac: $26 <= 00005b25
                 540@000036b0: $27 <= 00005b25
                 544@000036b4: $28 <= 00005b25
                 548@000036b8: $29 <= 00005b25
                 552@000036bc: $30 <= 00005b25
                 556@000036c0: $31 <= 00005b25
                 560@000036c4: $ 8 <= 00000004
                 564@000036c8: $31 <= 00003020
                 580@000036d8: $31 <= 00003024
                 588@000036dc: $25 <= 000036e4
                 608@000036e4: $31 <= 00003004
                 624@000036f4: $31 <= 00003008
                 636@000036fc: $25 <= 000036fc
                 652@000036fc: $25 <= 000036fc
                 656@00003700: $31 <= 00003018
                 672@00003710: $31 <= 0000301c
                 680@00003714: $25 <= 0000371c
                 700@0000371c: $31 <= 00003004
                 716@0000372c: $31 <= 00003008
                 728@00003734: $25 <= 00003734
                 744@00003734: $25 <= 00003734
                 748@00003738: $31 <= 00003018
                 764@00003748: $31 <= 0000301c
                 772@0000374c: $25 <= 00003754
                 792@00003754: $31 <= 00003014
                 808@00003764: $31 <= 00003018
                 820@0000376c: $25 <= 0000376c
                 836@0000376c: $25 <= 0000376c
                 840@00003770: $31 <= 0000301c
                 856@00003780: $31 <= 00003020
                 864@00003784: $25 <= 0000378c
                 880@0000378c: $31 <= 00003004
                 896@0000379c: $31 <= 00003008
                 908@000037a4: $25 <= 000037a4
                 924@000037a4: $25 <= 000037a4
                 928@000037a8: $31 <= 00003020
                 944@000037b8: $31 <= 00003024
                 952@000037bc: $25 <= 000037c4
                 972@000037c4: $31 <= 00003020
                 988@000037d4: $31 <= 00003024
                1000@000037dc: $25 <= 000037dc
ISim P.20131013 (signature 0x7708f090)
WARNING: A WEBPACK license was found.
WARNING: Please use Xilinx License Configuration Manager to check out a full ISim license.
WARNING: ISim will run in Lite mode. Please refer to the ISim documentation for more information on the differences between the Lite and the Full version.
This is a Lite version of ISim.
# run 1000 ns
Simulator is doing circuit initialization process.
Finished circuit initialization process.
                  28@00003000: $ 1 <= 00000001
                  32@00003004: $ 2 <= 00000003
                  36@00003008: $ 3 <= 00000003
                  40@0000300c: $ 4 <= 00000007
                  44@00003010: $ 5 <= 00000007
                  48@00003014: $ 6 <= 00000007
                  52@00003018: $ 7 <= 00000007
                  56@0000301c: $ 8 <= 0000000f
                  60@00003020: $ 9 <= 0000000f
                  64@00003024: $10 <= 0000000f
                  68@00003028: $11 <= 0000000f
                  72@0000302c: $12 <= 0000000f
                  76@00003030: $13 <= 0000000f
                  80@00003034: $14 <= 0000000f
                  84@00003038: $15 <= 0000000f
                  88@0000303c: $16 <= 0000001f
                  92@00003040: $17 <= 0000001f
                  96@00003044: $18 <= 0000001f
                 100@00003048: $19 <= 0000001f
                 104@0000304c: $20 <= 0000001f
                 108@00003050: $21 <= 0000001f
                 112@00003054: $22 <= 0000001f
                 116@00003058: $23 <= 0000001f
                 120@0000305c: $24 <= 0000001b
                 124@00003060: $25 <= 0000001f
                 128@00003064: $26 <= 0000001f
                 132@00003068: $27 <= 0000001f
                 136@0000306c: $28 <= 0000001f
                 140@00003070: $29 <= 0000001f
                 144@00003074: $30 <= 0000001f
                 148@00003078: $31 <= 0000001f
                 148@0000307c: *00000000 <= 00000001
                 152@00003080: *00000004 <= 00000003
                 156@00003084: *0000000c <= 00000003
                 160@00003088: *00000010 <= 00000007
                 168@0000308c: $ 1 <= 000000c8
                 168@00003090: *000000c8 <= 000000c8
                 176@00003094: $10 <= 000000c8
                 180@00003098: $10 <= 00000001
                 184@0000309c: $20 <= 000000c8
                 188@000030a0: $31 <= 000030a8
                 196@000030b8: $ 5 <= 000030c0
                 200@000030bc: $ 7 <= 00000001
                 204@000030a8: $ 5 <= 000000c8
                 204@000030ac: *00000190 <= 00000001
                 212@000030b4: *000000c8 <= 0000000f
                 220@000030c0: $ 5 <= 000001ec
